<?xml version="1.0" encoding="UTF-8"?>
<!-- Generated by org.testng.reporters.JUnitXMLReporter -->
<testsuite ignored="4" hostname="DESKTOP-ER6K7M5" failures="0" tests="2" name="Class Test" time="6.988" errors="0" timestamp="2023-05-30T14:51:15 EDT">
  <testcase classname="demo.SelectForm" name="selectForm" time="5.291"/>
  <testcase classname="demo.SimpleForm" name="simpleInputForm" time="0.581"/>
  <testcase classname="demo.SelectForm" name="multiSelectForm" time="0.0">
    <ignored/>
  </testcase> <!-- multiSelectForm -->
  <testcase classname="base.Base" name="@AfterTest closeBrowser" time="0.0">
    <ignored/>
  </testcase> <!-- @AfterTest closeBrowser -->
  <testcase classname="base.Base" name="@BeforeTest startBrowser" time="0.0">
    <ignored/>
  </testcase> <!-- @BeforeTest startBrowser -->
  <testcase classname="demo.SimpleForm" name="doubleInputForm" time="0.0">
    <ignored/>
  </testcase> <!-- doubleInputForm -->
</testsuite> <!-- Class Test -->
