<?xml version="1.0" encoding="UTF-8"?>
<!-- Generated by org.testng.reporters.JUnitXMLReporter -->
<testsuite ignored="74" hostname="DESKTOP-ER6K7M5" failures="0" tests="2" name="Package Test" time="6.255" errors="0" timestamp="2023-05-30T14:51:08 EDT">
  <testcase classname="demo.TablePaginationForm" name="table" time="2.587"/>
  <testcase classname="demo.TableSortAndSearchForm" name="table" time="0.983"/>
  <testcase classname="base.Base" name="@AfterTest closeBrowser" time="0.0">
    <ignored/>
  </testcase> <!-- @AfterTest closeBrowser -->
  <testcase classname="base.Base" name="@BeforeTest startBrowser" time="0.0">
    <ignored/>
  </testcase> <!-- @BeforeTest startBrowser -->
  <testcase classname="base.Base" name="@BeforeTest startBrowser" time="0.0">
    <ignored/>
  </testcase> <!-- @BeforeTest startBrowser -->
  <testcase classname="demo.BootstrapDatePicker" name="dateRange" time="0.0">
    <ignored/>
  </testcase> <!-- dateRange -->
  <testcase classname="base.Base" name="@AfterTest closeBrowser" time="0.0">
    <ignored/>
  </testcase> <!-- @AfterTest closeBrowser -->
  <testcase classname="demo.RadioForm" name="groupRadioForm" time="0.0">
    <ignored/>
  </testcase> <!-- groupRadioForm -->
  <testcase classname="base.Base" name="@BeforeTest startBrowser" time="0.0">
    <ignored/>
  </testcase> <!-- @BeforeTest startBrowser -->
  <testcase classname="base.Base" name="@AfterTest closeBrowser" time="0.0">
    <ignored/>
  </testcase> <!-- @AfterTest closeBrowser -->
  <testcase classname="demo.ProgressBarModalForm" name="popup" time="0.0">
    <ignored/>
  </testcase> <!-- popup -->
  <testcase classname="base.Base" name="@AfterTest closeBrowser" time="0.0">
    <ignored/>
  </testcase> <!-- @AfterTest closeBrowser -->
  <testcase classname="base.Base" name="@BeforeTest startBrowser" time="0.0">
    <ignored/>
  </testcase> <!-- @BeforeTest startBrowser -->
  <testcase classname="base.Base" name="@BeforeTest startBrowser" time="0.0">
    <ignored/>
  </testcase> <!-- @BeforeTest startBrowser -->
  <testcase classname="base.Base" name="@BeforeTest startBrowser" time="0.0">
    <ignored/>
  </testcase> <!-- @BeforeTest startBrowser -->
  <testcase classname="demo.SelectForm" name="selectForm" time="0.0">
    <ignored/>
  </testcase> <!-- selectForm -->
  <testcase classname="base.Base" name="@AfterTest closeBrowser" time="0.0">
    <ignored/>
  </testcase> <!-- @AfterTest closeBrowser -->
  <testcase classname="base.Base" name="@BeforeTest startBrowser" time="0.0">
    <ignored/>
  </testcase> <!-- @BeforeTest startBrowser -->
  <testcase classname="base.Base" name="@AfterTest closeBrowser" time="0.0">
    <ignored/>
  </testcase> <!-- @AfterTest closeBrowser -->
  <testcase classname="base.Base" name="@AfterTest closeBrowser" time="0.0">
    <ignored/>
  </testcase> <!-- @AfterTest closeBrowser -->
  <testcase classname="base.Base" name="@BeforeTest startBrowser" time="0.0">
    <ignored/>
  </testcase> <!-- @BeforeTest startBrowser -->
  <testcase classname="demo.BootstrapDatePicker" name="date" time="0.0">
    <ignored/>
  </testcase> <!-- date -->
  <testcase classname="base.Base" name="@AfterTest closeBrowser" time="0.0">
    <ignored/>
  </testcase> <!-- @AfterTest closeBrowser -->
  <testcase classname="base.Base" name="@AfterTest closeBrowser" time="0.0">
    <ignored/>
  </testcase> <!-- @AfterTest closeBrowser -->
  <testcase classname="base.Base" name="@BeforeTest startBrowser" time="0.0">
    <ignored/>
  </testcase> <!-- @BeforeTest startBrowser -->
  <testcase classname="demo.TableFilterForm" name="table" time="0.0">
    <ignored/>
  </testcase> <!-- table -->
  <testcase classname="demo.BootstrapProgressBar" name="progress" time="0.0">
    <ignored/>
  </testcase> <!-- progress -->
  <testcase classname="demo.JQuerySelectForm" name="jQueryForm" time="0.0">
    <ignored/>
  </testcase> <!-- jQueryForm -->
  <testcase classname="demo.WindowPopupForm" name="popup" time="0.0">
    <ignored/>
  </testcase> <!-- popup -->
  <testcase classname="base.Base" name="@AfterTest closeBrowser" time="0.0">
    <ignored/>
  </testcase> <!-- @AfterTest closeBrowser -->
  <testcase classname="base.Base" name="@BeforeTest startBrowser" time="0.0">
    <ignored/>
  </testcase> <!-- @BeforeTest startBrowser -->
  <testcase classname="base.Base" name="@AfterTest closeBrowser" time="0.0">
    <ignored/>
  </testcase> <!-- @AfterTest closeBrowser -->
  <testcase classname="demo.JQueryDatePicker" name="dateRange" time="0.0">
    <ignored/>
  </testcase> <!-- dateRange -->
  <testcase classname="base.Base" name="@AfterTest closeBrowser" time="0.0">
    <ignored/>
  </testcase> <!-- @AfterTest closeBrowser -->
  <testcase classname="base.Base" name="@BeforeTest startBrowser" time="0.0">
    <ignored/>
  </testcase> <!-- @BeforeTest startBrowser -->
  <testcase classname="base.Base" name="@AfterTest closeBrowser" time="0.0">
    <ignored/>
  </testcase> <!-- @AfterTest closeBrowser -->
  <testcase classname="base.Base" name="@AfterTest closeBrowser" time="0.0">
    <ignored/>
  </testcase> <!-- @AfterTest closeBrowser -->
  <testcase classname="base.Base" name="@AfterTest closeBrowser" time="0.0">
    <ignored/>
  </testcase> <!-- @AfterTest closeBrowser -->
  <testcase classname="demo.CheckboxForm" name="singleCheckbox" time="0.0">
    <ignored/>
  </testcase> <!-- singleCheckbox -->
  <testcase classname="demo.AjaxForm" name="inputForm" time="0.0">
    <ignored/>
  </testcase> <!-- inputForm -->
  <testcase classname="base.Base" name="@BeforeTest startBrowser" time="0.0">
    <ignored/>
  </testcase> <!-- @BeforeTest startBrowser -->
  <testcase classname="base.Base" name="@AfterTest closeBrowser" time="0.0">
    <ignored/>
  </testcase> <!-- @AfterTest closeBrowser -->
  <testcase classname="base.Base" name="@BeforeTest startBrowser" time="0.0">
    <ignored/>
  </testcase> <!-- @BeforeTest startBrowser -->
  <testcase classname="demo.InputForm" name="inputForm" time="0.0">
    <ignored/>
  </testcase> <!-- inputForm -->
  <testcase classname="base.Base" name="@BeforeTest startBrowser" time="0.0">
    <ignored/>
  </testcase> <!-- @BeforeTest startBrowser -->
  <testcase classname="demo.RangeSlidersForm" name="progress" time="0.0">
    <ignored/>
  </testcase> <!-- progress -->
  <testcase classname="base.Base" name="@AfterTest closeBrowser" time="0.0">
    <ignored/>
  </testcase> <!-- @AfterTest closeBrowser -->
  <testcase classname="base.Base" name="@BeforeTest startBrowser" time="0.0">
    <ignored/>
  </testcase> <!-- @BeforeTest startBrowser -->
  <testcase classname="demo.SelectForm" name="multiSelectForm" time="0.0">
    <ignored/>
  </testcase> <!-- multiSelectForm -->
  <testcase classname="demo.BootstrapModalForm" name="modal" time="0.0">
    <ignored/>
  </testcase> <!-- modal -->
  <testcase classname="base.Base" name="@AfterTest closeBrowser" time="0.0">
    <ignored/>
  </testcase> <!-- @AfterTest closeBrowser -->
  <testcase classname="demo.DynamicDataForm" name="popup" time="0.0">
    <ignored/>
  </testcase> <!-- popup -->
  <testcase classname="demo.BootstrapListBoxForm" name="popup" time="0.0">
    <ignored/>
  </testcase> <!-- popup -->
  <testcase classname="base.Base" name="@BeforeTest startBrowser" time="0.0">
    <ignored/>
  </testcase> <!-- @BeforeTest startBrowser -->
  <testcase classname="demo.BootstrapAlertForm" name="alert" time="0.0">
    <ignored/>
  </testcase> <!-- alert -->
  <testcase classname="demo.JQueryListBoxForm" name="popup" time="0.0">
    <ignored/>
  </testcase> <!-- popup -->
  <testcase classname="base.Base" name="@BeforeTest startBrowser" time="0.0">
    <ignored/>
  </testcase> <!-- @BeforeTest startBrowser -->
  <testcase classname="base.Base" name="@BeforeTest startBrowser" time="0.0">
    <ignored/>
  </testcase> <!-- @BeforeTest startBrowser -->
  <testcase classname="base.Base" name="@AfterTest closeBrowser" time="0.0">
    <ignored/>
  </testcase> <!-- @AfterTest closeBrowser -->
  <testcase classname="base.Base" name="@BeforeTest startBrowser" time="0.0">
    <ignored/>
  </testcase> <!-- @BeforeTest startBrowser -->
  <testcase classname="demo.TableDataSearchForm" name="tasks" time="0.0">
    <ignored/>
  </testcase> <!-- tasks -->
  <testcase classname="demo.JQueryProgressBar" name="progress" time="0.0">
    <ignored/>
  </testcase> <!-- progress -->
  <testcase classname="base.Base" name="@AfterTest closeBrowser" time="0.0">
    <ignored/>
  </testcase> <!-- @AfterTest closeBrowser -->
  <testcase classname="base.Base" name="@BeforeTest startBrowser" time="0.0">
    <ignored/>
  </testcase> <!-- @BeforeTest startBrowser -->
  <testcase classname="base.Base" name="@BeforeTest startBrowser" time="0.0">
    <ignored/>
  </testcase> <!-- @BeforeTest startBrowser -->
  <testcase classname="demo.CheckboxForm" name="multipleCheckbox" time="0.0">
    <ignored/>
  </testcase> <!-- multipleCheckbox -->
  <testcase classname="base.Base" name="@BeforeTest startBrowser" time="0.0">
    <ignored/>
  </testcase> <!-- @BeforeTest startBrowser -->
  <testcase classname="demo.SimpleForm" name="simpleInputForm" time="0.0">
    <ignored/>
  </testcase> <!-- simpleInputForm -->
  <testcase classname="demo.SimpleForm" name="doubleInputForm" time="0.0">
    <ignored/>
  </testcase> <!-- doubleInputForm -->
  <testcase classname="demo.RadioForm" name="radioForm" time="0.0">
    <ignored/>
  </testcase> <!-- radioForm -->
  <testcase classname="demo.TableDataSearchForm" name="listUsers" time="0.0">
    <ignored/>
  </testcase> <!-- listUsers -->
  <testcase classname="base.Base" name="@BeforeTest startBrowser" time="0.0">
    <ignored/>
  </testcase> <!-- @BeforeTest startBrowser -->
  <testcase classname="base.Base" name="@AfterTest closeBrowser" time="0.0">
    <ignored/>
  </testcase> <!-- @AfterTest closeBrowser -->
  <testcase classname="demo.DragAndDropForm" name="popup" time="0.0">
    <ignored/>
  </testcase> <!-- popup -->
  <testcase classname="base.Base" name="@AfterTest closeBrowser" time="0.0">
    <ignored/>
  </testcase> <!-- @AfterTest closeBrowser -->
  <testcase classname="base.Base" name="@AfterTest closeBrowser" time="0.0">
    <ignored/>
  </testcase> <!-- @AfterTest closeBrowser -->
</testsuite> <!-- Package Test -->
