<?xml version="1.0" encoding="UTF-8"?>
<!-- Generated by org.testng.reporters.JUnitXMLReporter -->
<testsuite ignored="0" hostname="DESKTOP-ER6K7M5" failures="1" tests="3" name="Test" time="11.056" errors="0" timestamp="2023-05-19T16:16:10 EDT">
  <testcase classname="demo.JenkinsCalcTest" name="test1" time="4.141"/>
  <testcase classname="demo.JenkinsCalcTest" name="test2" time="3.579"/>
  <testcase classname="demo.JenkinsCalcTest" name="test3" time="0.752">
    <failure type="java.lang.AssertionError" message="Values should be different. Actual: Google">
      <![CDATA[java.lang.AssertionError: Values should be different. Actual: Google
at org.junit.Assert.fail(Assert.java:89)
at org.junit.Assert.failEquals(Assert.java:187)
at org.junit.Assert.assertNotEquals(Assert.java:163)
at org.junit.Assert.assertNotEquals(Assert.java:177)
at demo.JenkinsCalcTest.test3(JenkinsCalcTest.java:57)
at java.base/java.util.ArrayList.forEach(ArrayList.java:1511)
... Removed 25 stack frames]]>
    </failure>
  </testcase> <!-- test3 -->
</testsuite> <!-- Test -->
