<?xml version="1.0" encoding="UTF-8"?>
<testng-results ignored="78" total="82" passed="4" failed="0" skipped="0">
  <reporter-output>
  </reporter-output>
  <suite started-at="2023-05-31T16:10:05 EDT" name="Suite" finished-at="2023-05-31T16:10:20 EDT" duration-ms="15769">
    <groups>
      <group name="six">
        <method signature="TablePaginationForm.table()[pri:0, instance:demo.TablePaginationForm@2f4948e4]" name="table" class="demo.TablePaginationForm"/>
        <method signature="TableSortAndSearchForm.table()[pri:0, instance:demo.TableSortAndSearchForm@1f2586d6]" name="table" class="demo.TableSortAndSearchForm"/>
      </group> <!-- six -->
      <group name="five">
        <method signature="SelectForm.selectForm()[pri:0, instance:demo.SelectForm@7d20d0b]" name="selectForm" class="demo.SelectForm"/>
        <method signature="SimpleForm.simpleInputForm()[pri:0, instance:demo.SimpleForm@77f1baf5]" name="simpleInputForm" class="demo.SimpleForm"/>
      </group> <!-- five -->
    </groups>
    <test started-at="2023-05-31T16:10:05 EDT" name="Package Test" finished-at="2023-05-31T16:10:14 EDT" duration-ms="9464">
      <class name="demo.TableSortAndSearchForm">
        <test-method signature="table()[pri:0, instance:demo.TableSortAndSearchForm@1f2586d6]" started-at="2023-05-31T16:10:13 EDT" name="table" finished-at="2023-05-31T16:10:14 EDT" duration-ms="899" status="PASS">
          <reporter-output>
          </reporter-output>
        </test-method> <!-- table -->
      </class> <!-- demo.TableSortAndSearchForm -->
      <class name="demo.AjaxForm">
        <test-method is-config="true" signature="startBrowser()[pri:0, instance:demo.AjaxForm@22555ebf]" started-at="2023-05-31T16:10:05 EDT" name="startBrowser" finished-at="2023-05-31T16:10:08 EDT" duration-ms="3295" status="PASS">
          <reporter-output>
          </reporter-output>
        </test-method> <!-- startBrowser -->
        <test-method is-config="true" signature="closeBrowser()[pri:0, instance:demo.AjaxForm@22555ebf]" started-at="2023-05-31T16:10:14 EDT" name="closeBrowser" finished-at="2023-05-31T16:10:14 EDT" duration-ms="31" status="PASS">
          <reporter-output>
          </reporter-output>
        </test-method> <!-- closeBrowser -->
      </class> <!-- demo.AjaxForm -->
      <class name="demo.TablePaginationForm">
        <test-method signature="table()[pri:0, instance:demo.TablePaginationForm@2f4948e4]" started-at="2023-05-31T16:10:08 EDT" name="table" finished-at="2023-05-31T16:10:13 EDT" duration-ms="5184" status="PASS">
          <reporter-output>
          </reporter-output>
        </test-method> <!-- table -->
      </class> <!-- demo.TablePaginationForm -->
    </test> <!-- Package Test -->
    <test started-at="2023-05-31T16:10:14 EDT" name="Class Test" finished-at="2023-05-31T16:10:20 EDT" duration-ms="6257">
      <class name="demo.SimpleForm">
        <test-method signature="simpleInputForm()[pri:0, instance:demo.SimpleForm@77f1baf5]" started-at="2023-05-31T16:10:20 EDT" name="simpleInputForm" finished-at="2023-05-31T16:10:20 EDT" duration-ms="510" status="PASS">
          <reporter-output>
          </reporter-output>
        </test-method> <!-- simpleInputForm -->
      </class> <!-- demo.SimpleForm -->
      <class name="demo.SelectForm">
        <test-method is-config="true" signature="startBrowser()[pri:0, instance:demo.SelectForm@7d20d0b]" started-at="2023-05-31T16:10:14 EDT" name="startBrowser" finished-at="2023-05-31T16:10:15 EDT" duration-ms="876" status="PASS">
          <reporter-output>
          </reporter-output>
        </test-method> <!-- startBrowser -->
        <test-method signature="selectForm()[pri:0, instance:demo.SelectForm@7d20d0b]" started-at="2023-05-31T16:10:15 EDT" name="selectForm" finished-at="2023-05-31T16:10:20 EDT" duration-ms="4842" status="PASS">
          <reporter-output>
          </reporter-output>
        </test-method> <!-- selectForm -->
        <test-method is-config="true" signature="closeBrowser()[pri:0, instance:demo.SelectForm@7d20d0b]" started-at="2023-05-31T16:10:20 EDT" name="closeBrowser" finished-at="2023-05-31T16:10:20 EDT" duration-ms="24" status="PASS">
          <reporter-output>
          </reporter-output>
        </test-method> <!-- closeBrowser -->
      </class> <!-- demo.SelectForm -->
    </test> <!-- Class Test -->
  </suite> <!-- Suite -->
</testng-results>
